<?xml version="1.0" encoding="UTF-8"?>
<testng-results ignored="0" total="2" passed="2" failed="0" skipped="0">
  <reporter-output>
  </reporter-output>
  <suite started-at="2023-12-07T16:13:56 IST" name="Suite" finished-at="2023-12-07T16:14:26 IST" duration-ms="30514">
    <groups>
    </groups>
    <test started-at="2023-12-07T16:13:56 IST" name="Test" finished-at="2023-12-07T16:14:26 IST" duration-ms="30514">
      <class name="testCases.AccountRegistration">
        <test-method is-config="true" signature="setUp()[pri:0, instance:testCases.AccountRegistration@3febb011]" started-at="2023-12-07T16:13:56 IST" name="setUp" finished-at="2023-12-07T16:14:09 IST" duration-ms="12807" status="PASS">
          <reporter-output>
          </reporter-output>
        </test-method> <!-- setUp -->
        <test-method signature="accountRegistration()[pri:0, instance:testCases.AccountRegistration@3febb011]" started-at="2023-12-07T16:14:09 IST" name="accountRegistration" finished-at="2023-12-07T16:14:26 IST" duration-ms="17270" status="PASS">
          <reporter-output>
          </reporter-output>
        </test-method> <!-- accountRegistration -->
      </class> <!-- testCases.AccountRegistration -->
    </test> <!-- Test -->
  </suite> <!-- Suite -->
  <suite started-at="2023-12-07T16:14:27 IST" name="Suite (0)" finished-at="2023-12-07T16:14:37 IST" duration-ms="9985">
    <groups>
    </groups>
    <test started-at="2023-12-07T16:14:27 IST" name="Test" finished-at="2023-12-07T16:14:37 IST" duration-ms="9985">
      <class name="testCases.TC_02Login">
        <test-method is-config="true" signature="setUp()[pri:0, instance:testCases.TC_02Login@2a4fb17b]" started-at="2023-12-07T16:14:27 IST" name="setUp" finished-at="2023-12-07T16:14:30 IST" duration-ms="2541" status="PASS">
          <reporter-output>
          </reporter-output>
        </test-method> <!-- setUp -->
        <test-method signature="testLogin()[pri:0, instance:testCases.TC_02Login@2a4fb17b]" started-at="2023-12-07T16:14:30 IST" name="testLogin" finished-at="2023-12-07T16:14:37 IST" duration-ms="7437" status="PASS">
          <reporter-output>
          </reporter-output>
        </test-method> <!-- testLogin -->
      </class> <!-- testCases.TC_02Login -->
    </test> <!-- Test -->
  </suite> <!-- Suite (0) -->
</testng-results>
