<?xml version="1.0" encoding="UTF-8"?>
<testng-results ignored="0" total="1" passed="1" failed="0" skipped="0">
  <reporter-output>
  </reporter-output>
  <suite started-at="2023-12-07T16:56:48 IST" name="Suite" finished-at="2023-12-07T16:57:10 IST" duration-ms="22494">
    <groups>
    </groups>
    <test started-at="2023-12-07T16:56:48 IST" name="Test" finished-at="2023-12-07T16:57:10 IST" duration-ms="22494">
      <class name="testCases.AccountRegistration">
        <test-method is-config="true" signature="setUp(java.lang.String)[pri:0, instance:testCases.AccountRegistration@1f2586d6]" started-at="2023-12-07T16:56:48 IST" name="setUp" finished-at="2023-12-07T16:56:53 IST" duration-ms="4970" status="PASS">
          <params>
            <param index="0">
              <value>
                <![CDATA[chrome]]>
              </value>
            </param>
          </params>
          <reporter-output>
          </reporter-output>
        </test-method> <!-- setUp -->
        <test-method signature="accountRegistration()[pri:0, instance:testCases.AccountRegistration@1f2586d6]" started-at="2023-12-07T16:56:53 IST" name="accountRegistration" finished-at="2023-12-07T16:57:10 IST" duration-ms="17020" status="PASS">
          <reporter-output>
          </reporter-output>
        </test-method> <!-- accountRegistration -->
      </class> <!-- testCases.AccountRegistration -->
    </test> <!-- Test -->
  </suite> <!-- Suite -->
</testng-results>
